[2024-08-26 14:21:38,325: INFO: common: yaml file: config\config.yaml loaded successfully]
[2024-08-26 14:21:38,334: INFO: common: yaml file: params.yaml loaded successfully]
[2024-08-26 14:21:38,335: INFO: common: created directory at: artifacts]
[2024-08-26 14:21:38,336: INFO: common: created directory at: artifacts/data_ingestion]
[2024-08-26 14:21:38,337: INFO: 1983665874: Downloading data from https://drive.google.com/file/d/12JouktrzXIo6ywpSe2OYWRYNNIxlEKvK/view?usp=sharing into file artifacts/data_ingestion/data.zip]
[2024-08-26 14:31:36,270: INFO: common: yaml file: config\config.yaml loaded successfully]
[2024-08-26 14:31:36,273: INFO: common: yaml file: params.yaml loaded successfully]
[2024-08-26 14:31:36,275: INFO: common: created directory at: artifacts]
[2024-08-26 14:31:36,276: INFO: common: created directory at: artifacts/data_ingestion]
[2024-08-26 14:31:36,277: INFO: 1983665874: Downloading data from https://drive.google.com/file/d/1tSKSAmrmQ_kQz220GsMfaBMgTVga2IYB/view?usp=drive_link into file artifacts/data_ingestion/data.zip]
[2024-08-26 14:32:06,579: INFO: 1983665874: Downloaded data from https://drive.google.com/file/d/1tSKSAmrmQ_kQz220GsMfaBMgTVga2IYB/view?usp=drive_link into file artifacts/data_ingestion/data.zip]
[2024-08-26 14:37:17,616: INFO: common: yaml file: config\config.yaml loaded successfully]
[2024-08-26 14:37:17,619: INFO: common: yaml file: params.yaml loaded successfully]
[2024-08-26 14:37:17,623: INFO: common: created directory at: artifacts]
[2024-08-26 14:37:17,625: INFO: common: created directory at: artifacts/data_ingestion]
[2024-08-26 14:37:17,626: INFO: 4043725968: Downloading data from https://drive.google.com/file/d/1tSKSAmrmQ_kQz220GsMfaBMgTVga2IYB/view?usp=drive_link into file artifacts/data_ingestion/data.zip]
[2024-08-26 14:37:47,963: INFO: 4043725968: Downloaded data from https://drive.google.com/file/d/1tSKSAmrmQ_kQz220GsMfaBMgTVga2IYB/view?usp=drive_link into file artifacts/data_ingestion/data.zip]
[2024-08-26 14:40:07,605: INFO: common: yaml file: config\config.yaml loaded successfully]
[2024-08-26 14:40:07,609: INFO: common: yaml file: params.yaml loaded successfully]
[2024-08-26 14:40:07,612: INFO: common: created directory at: artifacts]
[2024-08-26 14:40:07,614: INFO: common: created directory at: artifacts/data_ingestion]
[2024-08-26 14:40:07,615: INFO: 2625027021: Downloading data from https://drive.google.com/file/d/1tSKSAmrmQ_kQz220GsMfaBMgTVga2IYB/view?usp=drive_link into file artifacts/data_ingestion/data.zip]
[2024-08-26 14:40:30,974: INFO: 2625027021: Downloaded data from https://drive.google.com/file/d/1tSKSAmrmQ_kQz220GsMfaBMgTVga2IYB/view?usp=drive_link into file artifacts/data_ingestion/data.zip]
[2024-08-26 14:47:01,584: INFO: common: yaml file: config\config.yaml loaded successfully]
[2024-08-26 14:47:01,586: INFO: common: yaml file: params.yaml loaded successfully]
[2024-08-26 14:47:01,590: INFO: common: created directory at: artifacts]
[2024-08-26 14:47:01,592: INFO: common: created directory at: artifacts/data_ingestion]
[2024-08-26 14:47:01,594: INFO: 1983665874: Downloading data from https://drive.google.com/file/d/1tSKSAmrmQ_kQz220GsMfaBMgTVga2IYB/view?usp=drive_link into file artifacts/data_ingestion/data.zip]
[2024-08-26 14:47:28,847: INFO: 1983665874: Downloaded data from https://drive.google.com/file/d/1tSKSAmrmQ_kQz220GsMfaBMgTVga2IYB/view?usp=drive_link into file artifacts/data_ingestion/data.zip]
[2024-08-26 14:49:03,955: INFO: common: yaml file: config\config.yaml loaded successfully]
[2024-08-26 14:49:03,957: INFO: common: yaml file: params.yaml loaded successfully]
[2024-08-26 14:49:03,959: INFO: common: created directory at: artifacts]
[2024-08-26 14:49:03,961: INFO: common: created directory at: artifacts/data_ingestion]
[2024-08-26 14:49:03,966: INFO: 1983665874: Downloading data from https://drive.google.com/file/d/1tSKSAmrmQ_kQz220GsMfaBMgTVga2IYB/view?usp=drive_link into file artifacts/data_ingestion/data.gz]
[2024-08-26 14:49:27,547: INFO: 1983665874: Downloaded data from https://drive.google.com/file/d/1tSKSAmrmQ_kQz220GsMfaBMgTVga2IYB/view?usp=drive_link into file artifacts/data_ingestion/data.gz]
[2024-08-26 14:52:19,383: INFO: common: yaml file: config\config.yaml loaded successfully]
[2024-08-26 14:52:19,385: INFO: common: yaml file: params.yaml loaded successfully]
[2024-08-26 14:52:19,387: INFO: common: created directory at: artifacts]
[2024-08-26 14:52:19,390: INFO: common: created directory at: artifacts/data_ingestion]
[2024-08-26 14:52:19,394: INFO: 2741598097: Downloading data from https://drive.google.com/file/d/1tSKSAmrmQ_kQz220GsMfaBMgTVga2IYB/view?usp=drive_link into file artifacts/data_ingestion/data.rar]
[2024-08-26 14:52:44,828: INFO: 2741598097: Downloaded data from https://drive.google.com/file/d/1tSKSAmrmQ_kQz220GsMfaBMgTVga2IYB/view?usp=drive_link into file artifacts/data_ingestion/data.rar]
[2024-08-26 14:56:00,081: INFO: common: yaml file: config\config.yaml loaded successfully]
[2024-08-26 14:56:00,084: INFO: common: yaml file: params.yaml loaded successfully]
[2024-08-26 14:56:00,086: INFO: common: created directory at: artifacts]
[2024-08-26 14:56:00,087: INFO: common: created directory at: artifacts/data_ingestion]
[2024-08-26 14:56:00,088: INFO: 378653394: Downloading data from https://drive.google.com/file/d/1tSKSAmrmQ_kQz220GsMfaBMgTVga2IYB/view?usp=drive_link into file artifacts/data_ingestion/data.rar]
[2024-08-26 14:56:21,918: INFO: 378653394: Downloaded data from https://drive.google.com/file/d/1tSKSAmrmQ_kQz220GsMfaBMgTVga2IYB/view?usp=drive_link into file artifacts/data_ingestion/data.rar]
[2024-08-26 15:00:09,473: INFO: common: yaml file: config\config.yaml loaded successfully]
[2024-08-26 15:00:09,475: INFO: common: yaml file: params.yaml loaded successfully]
[2024-08-26 15:00:09,477: INFO: common: created directory at: artifacts]
[2024-08-26 15:00:09,482: INFO: common: created directory at: artifacts/data_ingestion]
[2024-08-26 15:00:09,485: INFO: 1516006822: Downloading data from https://drive.google.com/file/d/1tSKSAmrmQ_kQz220GsMfaBMgTVga2IYB/view?usp=drive_link into file artifacts/data_ingestion/data.rar]
